pipewire
pipewire-alsa
pipewire-audio
pipewire-jack
pipewire-pulse
lib32-libpulse
libpulse
helvum-git
gst-plugin-pipewire
wireplumber
sublime-text-4
networkmanager
network-manager-applet
bluez
bluez-utils
blueman
sddm-git
qt5-wayland
qt6-wayland
qt5-quickcontrols
qt5-quickcontrols2
qt5-graphicaleffects
hyprland-git
dunst
rofi-lbonn-wayland-git
waybar-hyprland-git
swww
swaylock-effects-git
wlogout
grim
slurp
swappy
cliphist
polkit-gnome
xdg-dbus-proxy
xdg-desktop-portal
xdg-desktop-portal-hyprland-git
xdg-user-dirs
xdg-user-dirs-gtk
xdg-utils
imagemagick
qt5-imageformats
pavucontrol
pamixer
nwg-look
kvantum
qt5ct
firefox
kitty
neofetch
dolphin
visual-studio-code-bin
vim
ark
exa
pokemon-colorscripts-git